1695171709264	geckodriver	INFO	Listening on 127.0.0.1:55205
1695171711427	mozrunner::runner	INFO	Running command: "C:\\Program Files\\Mozilla Firefox\\firefox.exe" "--marionette" "--remote-debugging-port" "55206" "--remote-allow-hosts" "localhost" "-no-remote" "-profile" "C:\\Users\\ChenHao\\AppData\\Local\\Temp\\rust_mozprofileo52dQk"
console.warn: services.settings: Ignoring preference override of remote settings server
console.warn: services.settings: Allow by setting MOZ_REMOTE_SETTINGS_DEVTOOLS=1 in the environment
1695171711871	Marionette	INFO	Marionette enabled
Dynamically enable window occlusion 0
1695171712100	Marionette	INFO	Listening on port 55213
WebDriver BiDi listening on ws://127.0.0.1:55206
Read port: 55213
1695171712356	RemoteAgent	WARN	TLS certificate errors will be ignored for this session
DevTools listening on ws://127.0.0.1:55206/devtools/browser/385efc78-be7d-4009-b9d6-b9b8ae025870
JavaScript warning: https://g.alicdn.com/secdev/sufei_data/3.9.10/index.js, line 1: WebGL context was lost.
JavaScript warning: https://g.alicdn.com/secdev/nsv/1.0.87/ns_f_95_3_n.js?v=1, line 5: WebGL context was lost.
JavaScript warning: https://g.alicdn.com/AWSC/et/1.68.9/et_n.js, line 7: WEBGL_debug_renderer_info is deprecated in Firefox and will be removed. Please use RENDERER.
JavaScript warning: https://g.alicdn.com/AWSC/et/1.68.9/et_n.js, line 6: WebGL context was lost.
JavaScript warning: https://g.alicdn.com/AWSC/et/1.68.9/et_n.js, line 4: WebGL context was lost.
JavaScript warning: https://g.alicdn.com/AWSC/fireyejs/1.226.0/fireyejs.js, line 1: WEBGL_debug_renderer_info is deprecated in Firefox and will be removed. Please use RENDERER.
JavaScript warning: https://g.alicdn.com/secdev/sufei_data/3.9.11/index.js, line 1: WebGL context was lost.
JavaScript warning: https://g.alicdn.com/secdev/nsv/1.0.87/ns_f_95_3_n.js?v=1, line 5: WebGL context was lost.
JavaScript warning: https://g.alicdn.com/AWSC/et/1.68.9/et_n.js, line 7: WEBGL_debug_renderer_info is deprecated in Firefox and will be removed. Please use RENDERER.
JavaScript warning: https://g.alicdn.com/AWSC/et/1.68.9/et_n.js, line 6: WebGL context was lost.
JavaScript warning: https://g.alicdn.com/AWSC/et/1.68.9/et_n.js, line 4: WebGL context was lost.
console.error: Region.sys.mjs: "Error fetching region" (new Error("TIMEOUT", "resource://gre/modules/Region.sys.mjs", 759))
console.error: Region.sys.mjs: "Failed to fetch region" (new Error("TIMEOUT", "resource://gre/modules/Region.sys.mjs", 411))
console.warn: services.settings: Ignoring preference override of remote settings server
console.warn: services.settings: Allow by setting MOZ_REMOTE_SETTINGS_DEVTOOLS=1 in the environment
console.error: (new TypeError("lazy.AsyncShutdown.profileBeforeChange is undefined", "resource://services-settings/Database.sys.mjs", 593))
JavaScript warning: https://g.alicdn.com/secdev/sufei_data/3.9.10/index.js, line 1: WebGL context was lost.
JavaScript warning: https://g.alicdn.com/secdev/nsv/1.0.87/ns_f_95_3_n.js?v=1, line 5: WebGL context was lost.
JavaScript warning: https://g.alicdn.com/AWSC/et/1.68.9/et_n.js, line 7: WEBGL_debug_renderer_info is deprecated in Firefox and will be removed. Please use RENDERER.
JavaScript warning: https://g.alicdn.com/AWSC/et/1.68.9/et_n.js, line 6: WebGL context was lost.
JavaScript warning: https://g.alicdn.com/AWSC/et/1.68.9/et_n.js, line 4: WebGL context was lost.
JavaScript warning: https://g.alicdn.com/AWSC/fireyejs/1.226.0/fireyejs.js, line 1: WEBGL_debug_renderer_info is deprecated in Firefox and will be removed. Please use RENDERER.
console.error: Region.sys.mjs: "Error fetching region" (new Error("TIMEOUT", "resource://gre/modules/Region.sys.mjs", 759))
console.error: Region.sys.mjs: "Failed to fetch region" (new Error("TIMEOUT", "resource://gre/modules/Region.sys.mjs", 411))
1695171771757	Marionette	INFO	Stopped listening on port 55213
Dynamically enable window occlusion 1
